<?xml version="1.0" encoding="UTF-8"?>
<!-- Generated by org.testng.reporters.JUnitXMLReporter -->
<testsuite ignored="0" hostname="VIPEELA" failures="2" tests="6" name="Test" time="0.103" errors="0" timestamp="2022-11-26T14:31:08 IST">
  <testcase classname="listeners.Testing1" name="mytest2" time="0.016">
    <failure type="java.lang.AssertionError" message="null">
      <![CDATA[java.lang.AssertionError: null
at listeners.Testing1.mytest2(Testing1.java:22)
at java.base/java.util.ArrayList.forEach(ArrayList.java:1541)
... Removed 29 stack frames]]>
    </failure>
  </testcase> <!-- mytest2 -->
  <testcase classname="listeners.Testing1" name="mytest1" time="0.003"/>
  <testcase classname="listeners.Testing1" name="mytest3" time="0.0">
    <skipped/>
  </testcase> <!-- mytest3 -->
  <testcase classname="listeners.Testing2" name="mytest4" time="0.001"/>
  <testcase classname="listeners.Testing2" name="mytest5" time="0.004">
    <failure type="java.lang.AssertionError" message="null">
      <![CDATA[java.lang.AssertionError: null
at listeners.Testing2.mytest5(Testing2.java:21)
at java.base/java.util.ArrayList.forEach(ArrayList.java:1541)
... Removed 29 stack frames]]>
    </failure>
  </testcase> <!-- mytest5 -->
  <testcase classname="listeners.Testing2" name="mytest6" time="0.0">
    <skipped/>
  </testcase> <!-- mytest6 -->
</testsuite> <!-- Test -->
