<?xml version="1.0" encoding="UTF-8"?>
<!-- Generated by org.testng.reporters.JUnitXMLReporter -->
<testsuite ignored="0" hostname="VIPEELA" failures="0" tests="4" name="Test2" time="0.06" errors="0" timestamp="2022-11-08T23:25:58 IST">
  <testcase classname="testNg_study.testNgclass2" name="A" time="0.008"/>
  <testcase classname="testNg_study.testNgclass2" name="B" time="0.003"/>
  <testcase classname="testNg_study.testNgclass2" name="C" time="0.001"/>
  <testcase classname="testNg_study.testNgclass2" name="D" time="0.002"/>
</testsuite> <!-- Test2 -->
